2024-08-31 21:36:15.221 [main] INFO  Main - Application Started
2024-08-31 21:36:15.228 [main] INFO  Main - Order file cleared
2024-08-31 21:36:15.228 [main] INFO  Main - Loading Main Menu
2024-08-31 21:36:15.228 [main] INFO  Main - Printing Menu
2024-08-31 21:36:15.229 [main] DEBUG Main - Getting user selection
2024-08-31 21:36:17.286 [main] INFO  Main - Displaying Customer Menu
2024-08-31 21:36:17.286 [main] INFO  Main - Printing Menu
2024-08-31 21:36:17.287 [main] DEBUG Main - Getting user selection
2024-08-31 21:37:45.927 [main] INFO  Main - Application Started
2024-08-31 21:37:45.931 [main] INFO  Main - Order file cleared
2024-08-31 21:37:45.932 [main] INFO  Main - Loading Main Menu
2024-08-31 21:37:45.932 [main] INFO  Main - Printing Menu
2024-08-31 21:37:45.932 [main] DEBUG Main - Getting user selection
2024-08-31 21:37:48.086 [main] INFO  Main - Displaying Employee Menu
2024-08-31 21:37:48.087 [main] INFO  Main - Printing Menu
2024-08-31 21:37:48.087 [main] DEBUG Main - Getting user selection
2024-08-31 21:37:50.445 [main] INFO  Main - Adding a menu item
2024-08-31 21:37:52.736 [main] INFO  Main - User entered an item name to add: asd
2024-08-31 21:37:57.962 [main] INFO  Main - User entered the price for the item: 12.0
2024-08-31 21:37:57.962 [main] INFO  Main - asd has been added to the menu.
2024-08-31 21:37:57.962 [main] INFO  Main - Printing Menu
2024-08-31 21:37:57.962 [main] DEBUG Main - Getting user selection
2024-08-31 21:37:59.838 [main] INFO  Main - Adding a menu item
2024-08-31 21:38:03.058 [main] INFO  Main - User entered an item name to add: sad
2024-08-31 21:38:03.884 [main] INFO  Main - User entered the price for the item: 213.0
2024-08-31 21:38:03.884 [main] INFO  Main - sad has been added to the menu.
2024-08-31 21:38:03.884 [main] INFO  Main - Printing Menu
2024-08-31 21:38:03.884 [main] DEBUG Main - Getting user selection
2024-08-31 21:38:06.629 [main] INFO  Main - Returning to Main Menu
2024-08-31 21:38:06.629 [main] INFO  Main - Loading Main Menu
2024-08-31 21:38:06.629 [main] INFO  Main - Printing Menu
2024-08-31 21:38:06.629 [main] DEBUG Main - Getting user selection
2024-08-31 21:38:08.326 [main] INFO  Main - Displaying Customer Menu
2024-08-31 21:38:08.326 [main] INFO  Main - Printing Menu
2024-08-31 21:38:08.326 [main] DEBUG Main - Getting user selection
2024-08-31 21:38:09.729 [main] INFO  Main - Placing an Order
2024-08-31 21:38:09.729 [main] INFO  Main - Printing Menu
2024-08-31 21:38:09.729 [main] DEBUG Main - Getting user selection
2024-08-31 21:38:10.818 [main] WARN  Main - Invalid order type input: dsd
2024-08-31 21:38:10.818 [main] INFO  Main - Printing Menu
2024-08-31 21:38:10.818 [main] DEBUG Main - Getting user selection
2024-08-31 21:38:13.081 [main] INFO  Main - Returning to Main Menu
2024-08-31 21:38:13.081 [main] INFO  Main - Loading Main Menu
2024-08-31 21:38:13.081 [main] INFO  Main - Printing Menu
2024-08-31 21:38:13.081 [main] DEBUG Main - Getting user selection
2024-08-31 21:38:14.296 [main] INFO  Main - Displaying Customer Menu
2024-08-31 21:38:14.296 [main] INFO  Main - Printing Menu
2024-08-31 21:38:14.296 [main] DEBUG Main - Getting user selection
2024-08-31 21:38:15.639 [main] INFO  Main - Placing an Order
2024-08-31 21:38:15.639 [main] INFO  Main - Printing Menu
2024-08-31 21:38:15.639 [main] DEBUG Main - Getting user selection
2024-08-31 21:38:19.041 [main] INFO  Main - User selected a valid order type: 2
2024-08-31 21:38:19.041 [main] INFO  Main - Displaying current menu
2024-08-31 21:38:19.043 [main] INFO  Main - Adding item to order
2024-08-31 21:39:04.648 [main] INFO  Main - Name entered: Fries
2024-08-31 21:39:04.648 [main] INFO  Main - Item found in the menu: Fries
2024-08-31 21:39:09.568 [main] INFO  Main - quantity entered: 21
2024-08-31 21:39:09.571 [main] INFO  Main - Prompting user to continue ordering or check out.
2024-08-31 21:39:09.571 [main] INFO  Main - Printing Menu
2024-08-31 21:39:09.571 [main] DEBUG Main - Getting user selection
2024-08-31 21:39:11.973 [main] INFO  Main - User chose to check out.
2024-08-31 21:39:11.981 [main] INFO  Main - Printing Menu
2024-08-31 21:39:11.981 [main] DEBUG Main - Getting user selection
